{"/home/henrique/www/IFMG/engSoftwareIFSudesteMG/server.js": {"path":"/home/henrique/www/IFMG/engSoftwareIFSudesteMG/server.js","statementMap":{"0":{"start":{"line":1,"column":16},"end":{"line":1,"column":34}},"1":{"start":{"line":2,"column":14},"end":{"line":2,"column":30}},"2":{"start":{"line":3,"column":13},"end":{"line":3,"column":28}},"3":{"start":{"line":4,"column":12},"end":{"line":4,"column":21}},"4":{"start":{"line":5,"column":13},"end":{"line":5,"column":17}},"5":{"start":{"line":6,"column":26},"end":{"line":6,"column":49}},"6":{"start":{"line":8,"column":0},"end":{"line":8,"column":30}},"7":{"start":{"line":9,"column":0},"end":{"line":9,"column":48}},"8":{"start":{"line":10,"column":0},"end":{"line":10,"column":48}},"9":{"start":{"line":11,"column":0},"end":{"line":11,"column":24}},"10":{"start":{"line":15,"column":18},"end":{"line":18,"column":1}},"11":{"start":{"line":19,"column":13},"end":{"line":19,"column":14}},"12":{"start":{"line":24,"column":0},"end":{"line":27,"column":3}},"13":{"start":{"line":26,"column":4},"end":{"line":26,"column":45}},"14":{"start":{"line":29,"column":0},"end":{"line":32,"column":3}},"15":{"start":{"line":31,"column":4},"end":{"line":31,"column":29}},"16":{"start":{"line":34,"column":0},"end":{"line":51,"column":3}},"17":{"start":{"line":35,"column":27},"end":{"line":44,"column":5}},"18":{"start":{"line":46,"column":4},"end":{"line":46,"column":37}},"19":{"start":{"line":47,"column":4},"end":{"line":47,"column":74}},"20":{"start":{"line":50,"column":4},"end":{"line":50,"column":22}},"21":{"start":{"line":54,"column":0},"end":{"line":64,"column":3}},"22":{"start":{"line":55,"column":23},"end":{"line":55,"column":33}},"23":{"start":{"line":56,"column":4},"end":{"line":63,"column":5}},"24":{"start":{"line":58,"column":25},"end":{"line":58,"column":84}},"25":{"start":{"line":60,"column":8},"end":{"line":60,"column":32}},"26":{"start":{"line":62,"column":8},"end":{"line":62,"column":63}},"27":{"start":{"line":66,"column":0},"end":{"line":75,"column":3}},"28":{"start":{"line":67,"column":15},"end":{"line":67,"column":38}},"29":{"start":{"line":68,"column":23},"end":{"line":68,"column":57}},"30":{"start":{"line":68,"column":45},"end":{"line":68,"column":56}},"31":{"start":{"line":70,"column":4},"end":{"line":74,"column":5}},"32":{"start":{"line":71,"column":8},"end":{"line":71,"column":47}},"33":{"start":{"line":73,"column":8},"end":{"line":73,"column":59}},"34":{"start":{"line":77,"column":0},"end":{"line":87,"column":3}},"35":{"start":{"line":78,"column":15},"end":{"line":78,"column":38}},"36":{"start":{"line":79,"column":23},"end":{"line":79,"column":57}},"37":{"start":{"line":79,"column":45},"end":{"line":79,"column":56}},"38":{"start":{"line":81,"column":4},"end":{"line":86,"column":5}},"39":{"start":{"line":83,"column":8},"end":{"line":83,"column":49}},"40":{"start":{"line":85,"column":8},"end":{"line":85,"column":59}},"41":{"start":{"line":89,"column":0},"end":{"line":110,"column":3}},"42":{"start":{"line":90,"column":15},"end":{"line":90,"column":38}},"43":{"start":{"line":91,"column":18},"end":{"line":91,"column":57}},"44":{"start":{"line":91,"column":45},"end":{"line":91,"column":56}},"45":{"start":{"line":93,"column":4},"end":{"line":109,"column":5}},"46":{"start":{"line":95,"column":8},"end":{"line":104,"column":10}},"47":{"start":{"line":105,"column":8},"end":{"line":105,"column":82}},"48":{"start":{"line":106,"column":8},"end":{"line":106,"column":42}},"49":{"start":{"line":108,"column":8},"end":{"line":108,"column":59}},"50":{"start":{"line":112,"column":0},"end":{"line":119,"column":3}},"51":{"start":{"line":113,"column":15},"end":{"line":113,"column":38}},"52":{"start":{"line":115,"column":4},"end":{"line":115,"column":55}},"53":{"start":{"line":115,"column":42},"end":{"line":115,"column":53}},"54":{"start":{"line":116,"column":4},"end":{"line":116,"column":69}},"55":{"start":{"line":118,"column":4},"end":{"line":118,"column":22}},"56":{"start":{"line":126,"column":0},"end":{"line":126,"column":21}}},"fnMap":{"0":{"name":"(anonymous_0)","decl":{"start":{"line":24,"column":13},"end":{"line":24,"column":14}},"loc":{"start":{"line":24,"column":27},"end":{"line":27,"column":1}},"line":24},"1":{"name":"(anonymous_1)","decl":{"start":{"line":29,"column":17},"end":{"line":29,"column":18}},"loc":{"start":{"line":29,"column":31},"end":{"line":32,"column":1}},"line":29},"2":{"name":"(anonymous_2)","decl":{"start":{"line":34,"column":18},"end":{"line":34,"column":19}},"loc":{"start":{"line":34,"column":32},"end":{"line":51,"column":1}},"line":34},"3":{"name":"(anonymous_3)","decl":{"start":{"line":54,"column":29},"end":{"line":54,"column":30}},"loc":{"start":{"line":54,"column":49},"end":{"line":64,"column":1}},"line":54},"4":{"name":"(anonymous_4)","decl":{"start":{"line":66,"column":27},"end":{"line":66,"column":28}},"loc":{"start":{"line":66,"column":41},"end":{"line":75,"column":1}},"line":66},"5":{"name":"(anonymous_5)","decl":{"start":{"line":68,"column":40},"end":{"line":68,"column":41}},"loc":{"start":{"line":68,"column":45},"end":{"line":68,"column":56}},"line":68},"6":{"name":"(anonymous_6)","decl":{"start":{"line":77,"column":34},"end":{"line":77,"column":35}},"loc":{"start":{"line":77,"column":48},"end":{"line":87,"column":1}},"line":77},"7":{"name":"(anonymous_7)","decl":{"start":{"line":79,"column":40},"end":{"line":79,"column":41}},"loc":{"start":{"line":79,"column":45},"end":{"line":79,"column":56}},"line":79},"8":{"name":"(anonymous_8)","decl":{"start":{"line":89,"column":35},"end":{"line":89,"column":36}},"loc":{"start":{"line":89,"column":49},"end":{"line":110,"column":1}},"line":89},"9":{"name":"(anonymous_9)","decl":{"start":{"line":91,"column":40},"end":{"line":91,"column":41}},"loc":{"start":{"line":91,"column":45},"end":{"line":91,"column":56}},"line":91},"10":{"name":"(anonymous_10)","decl":{"start":{"line":112,"column":36},"end":{"line":112,"column":37}},"loc":{"start":{"line":112,"column":50},"end":{"line":119,"column":1}},"line":112},"11":{"name":"(anonymous_11)","decl":{"start":{"line":115,"column":37},"end":{"line":115,"column":38}},"loc":{"start":{"line":115,"column":42},"end":{"line":115,"column":53}},"line":115}},"branchMap":{"0":{"loc":{"start":{"line":70,"column":4},"end":{"line":74,"column":5}},"type":"if","locations":[{"start":{"line":70,"column":4},"end":{"line":74,"column":5}},{"start":{"line":72,"column":11},"end":{"line":74,"column":5}}],"line":70},"1":{"loc":{"start":{"line":81,"column":4},"end":{"line":86,"column":5}},"type":"if","locations":[{"start":{"line":81,"column":4},"end":{"line":86,"column":5}},{"start":{"line":84,"column":11},"end":{"line":86,"column":5}}],"line":81},"2":{"loc":{"start":{"line":93,"column":4},"end":{"line":109,"column":5}},"type":"if","locations":[{"start":{"line":93,"column":4},"end":{"line":109,"column":5}},{"start":{"line":107,"column":11},"end":{"line":109,"column":5}}],"line":93}},"s":{"0":1,"1":1,"2":1,"3":1,"4":1,"5":1,"6":1,"7":1,"8":1,"9":1,"10":1,"11":1,"12":1,"13":3,"14":1,"15":0,"16":1,"17":1,"18":1,"19":1,"20":1,"21":1,"22":1,"23":1,"24":1,"25":1,"26":0,"27":1,"28":4,"29":4,"30":6,"31":4,"32":2,"33":2,"34":1,"35":2,"36":2,"37":4,"38":2,"39":0,"40":2,"41":1,"42":3,"43":3,"44":5,"45":3,"46":1,"47":1,"48":1,"49":2,"50":1,"51":1,"52":1,"53":3,"54":1,"55":1,"56":1},"f":{"0":3,"1":0,"2":1,"3":1,"4":4,"5":6,"6":2,"7":4,"8":3,"9":5,"10":1,"11":3},"b":{"0":[2,2],"1":[0,2],"2":[1,2]},"_coverageSchema":"1a1c01bbd47fc00a2c39e90264f33305004495a9","hash":"4ecba554c1e749935f1be8a3ed91922c53c6ede1"}
}
