TN:
SF:api.js
FN:24,(anonymous_0)
FN:29,(anonymous_1)
FN:34,(anonymous_2)
FN:54,(anonymous_3)
FN:66,(anonymous_4)
FN:68,(anonymous_5)
FN:77,(anonymous_6)
FN:79,(anonymous_7)
FN:89,(anonymous_8)
FN:91,(anonymous_9)
FN:112,(anonymous_10)
FN:115,(anonymous_11)
FNF:12
FNH:11
FNDA:3,(anonymous_0)
FNDA:0,(anonymous_1)
FNDA:2,(anonymous_2)
FNDA:4,(anonymous_3)
FNDA:4,(anonymous_4)
FNDA:5,(anonymous_5)
FNDA:1,(anonymous_6)
FNDA:3,(anonymous_7)
FNDA:3,(anonymous_8)
FNDA:5,(anonymous_9)
FNDA:1,(anonymous_10)
FNDA:3,(anonymous_11)
DA:1,1
DA:2,1
DA:3,1
DA:4,1
DA:5,1
DA:6,1
DA:8,1
DA:9,1
DA:10,1
DA:11,1
DA:15,1
DA:19,1
DA:24,1
DA:26,3
DA:29,1
DA:31,0
DA:34,1
DA:35,2
DA:46,2
DA:47,2
DA:50,2
DA:54,1
DA:55,4
DA:56,4
DA:58,4
DA:60,1
DA:62,3
DA:66,1
DA:67,4
DA:68,5
DA:70,4
DA:71,3
DA:73,1
DA:77,1
DA:78,1
DA:79,3
DA:81,1
DA:83,0
DA:85,1
DA:89,1
DA:90,3
DA:91,5
DA:93,3
DA:95,2
DA:105,2
DA:106,2
DA:108,1
DA:112,1
DA:113,1
DA:115,3
DA:116,1
DA:118,1
DA:126,1
LF:53
LH:51
BRDA:70,0,0,3
BRDA:70,0,1,1
BRDA:81,1,0,0
BRDA:81,1,1,1
BRDA:93,2,0,2
BRDA:93,2,1,1
BRF:6
BRH:5
end_of_record
